<?xml version="1.0" encoding="UTF-8"?>
<!-- Generated by org.testng.reporters.JUnitReportReporter -->
<testsuite hostname="EC2AMAZ-S11DBRH" failures="0" tests="1" name="testScripts.PlaceOrderTest" time="6.415" errors="0" timestamp="2023-10-31T12:24:52 GMT" skipped="0">
  <testcase classname="testScripts.PlaceOrderTest" name="addItemTest" time="6.415"/>
  <system-out/>
</testsuite> <!-- testScripts.PlaceOrderTest -->
